
> irshad-center-app@0.1.0 build
> prisma generate && next build

Environment variables loaded from .env
Prisma schema loaded from prisma/schema.prisma

✔ Generated Prisma Client (v6.19.0) to ./node_modules/@prisma/client in 79ms

Start by importing your Prisma Client (See: https://pris.ly/d/importing-client)

Tip: Interested in query caching in just a few lines of code? Try Accelerate today! https://pris.ly/tip-3-accelerate

   ▲ Next.js 15.5.3
   - Environments: .env.local, .env

   Creating an optimized production build ...
[baseline-browser-mapping] The data in this module is over two months old.  To ensure accurate Baseline data, please update: `npm i baseline-browser-mapping@latest -D`
 ✓ Compiled successfully in 6.8s
   Skipping linting
   Checking validity of types ...
Failed to compile.

./lib/db/queries/program-profile.ts:319:7
Type error: Type 'string' is not assignable to type 'EnrollmentStatus | undefined'.

[0m [90m 317 |[39m       personId[33m:[39m data[33m.[39mpersonId[33m,[39m
 [90m 318 |[39m       program[33m:[39m data[33m.[39mprogram[33m,[39m
[31m[1m>[22m[39m[90m 319 |[39m       status[33m:[39m data[33m.[39mstatus [33m||[39m [32m'ACTIVE'[39m[33m,[39m
 [90m     |[39m       [31m[1m^[22m[39m
 [90m 320 |[39m       educationLevel[33m:[39m data[33m.[39meducationLevel[33m,[39m
 [90m 321 |[39m       gradeLevel[33m:[39m data[33m.[39mgradeLevel[33m,[39m
 [90m 322 |[39m       schoolName[33m:[39m data[33m.[39mschoolName[33m,[39m[0m
Next.js build worker exited with code: 1 and signal: null
